# JRE version: Java(TM) SE Runtime Environment (8.0_271-b09) (build 1.8.0_271-b09)
# Java VM: Java HotSpot(TM) 64-Bit Server VM (25.271-b09 mixed mode windows-amd64 compressed oops)
Heap:
 PSYoungGen      total 111104K, used 38896K [0x00000000f5580000, 0x00000000fcf00000, 0x0000000100000000)
  eden space 98816K, 30% used [0x00000000f5580000,0x00000000f72894d0,0x00000000fb600000)
  from space 12288K, 74% used [0x00000000fc300000,0x00000000fcbf2cb8,0x00000000fcf00000)
  to   space 12800K, 0% used [0x00000000fb600000,0x00000000fb600000,0x00000000fc280000)
 ParOldGen       total 175104K, used 9263K [0x00000000e0000000, 0x00000000eab00000, 0x00000000f5580000)
  object space 175104K, 5% used [0x00000000e0000000,0x00000000e090be60,0x00000000eab00000)
 Metaspace       used 33322K, capacity 34905K, committed 35072K, reserved 1079296K
  class space    used 4722K, capacity 5046K, committed 5120K, reserved 1048576K
GC Heap History (10 events):
Event: 2.745 GC heap before
{Heap before GC invocations=3 (full 0):
 PSYoungGen      total 76288K, used 74880K [0x00000000f5580000, 0x00000000faa80000, 0x0000000100000000)
  eden space 65536K, 100% used [0x00000000f5580000,0x00000000f9580000,0x00000000f9580000)
  from space 10752K, 86% used [0x00000000fa000000,0x00000000fa920188,0x00000000faa80000)
  to   space 10752K, 0% used [0x00000000f9580000,0x00000000f9580000,0x00000000fa000000)
 ParOldGen       total 175104K, used 24K [0x00000000e0000000, 0x00000000eab00000, 0x00000000f5580000)
  object space 175104K, 0% used [0x00000000e0000000,0x00000000e0006000,0x00000000eab00000)
 Metaspace       used 18649K, capacity 19302K, committed 19584K, reserved 1067008K
  class space    used 2682K, capacity 2885K, committed 2944K, reserved 1048576K
Event: 2.752 GC heap after
Heap after GC invocations=3 (full 0):
 PSYoungGen      total 76288K, used 10737K [0x00000000f5580000, 0x00000000faa80000, 0x0000000100000000)
  eden space 65536K, 0% used [0x00000000f5580000,0x00000000f5580000,0x00000000f9580000)
  from space 10752K, 99% used [0x00000000f9580000,0x00000000f9ffc4d0,0x00000000fa000000)
  to   space 10752K, 0% used [0x00000000fa000000,0x00000000fa000000,0x00000000faa80000)
 ParOldGen       total 175104K, used 509K [0x00000000e0000000, 0x00000000eab00000, 0x00000000f5580000)
  object space 175104K, 0% used [0x00000000e0000000,0x00000000e007f5c0,0x00000000eab00000)
 Metaspace       used 18649K, capacity 19302K, committed 19584K, reserved 1067008K
  class space    used 2682K, capacity 2885K, committed 2944K, reserved 1048576K
}
Event: 2.990 GC heap before
{Heap before GC invocations=4 (full 0):
 PSYoungGen      total 76288K, used 38912K [0x00000000f5580000, 0x00000000faa80000, 0x0000000100000000)
  eden space 65536K, 42% used [0x00000000f5580000,0x00000000f7103e78,0x00000000f9580000)
  from space 10752K, 99% used [0x00000000f9580000,0x00000000f9ffc4d0,0x00000000fa000000)
  to   space 10752K, 0% used [0x00000000fa000000,0x00000000fa000000,0x00000000faa80000)
 ParOldGen       total 175104K, used 509K [0x00000000e0000000, 0x00000000eab00000, 0x00000000f5580000)
  object space 175104K, 0% used [0x00000000e0000000,0x00000000e007f5c0,0x00000000eab00000)
 Metaspace       used 20453K, capacity 21169K, committed 21296K, reserved 1067008K
  class space    used 2993K, capacity 3200K, committed 3200K, reserved 1048576K
Event: 2.997 GC heap after
Heap after GC invocations=4 (full 0):
 PSYoungGen      total 76288K, used 9523K [0x00000000f5580000, 0x00000000fea80000, 0x0000000100000000)
  eden space 65536K, 0% used [0x00000000f5580000,0x00000000f5580000,0x00000000f9580000)
  from space 10752K, 88% used [0x00000000fa000000,0x00000000fa94cdd8,0x00000000faa80000)
  to   space 10752K, 0% used [0x00000000f9580000,0x00000000f9580000,0x00000000fa000000)
 ParOldGen       total 175104K, used 517K [0x00000000e0000000, 0x00000000eab00000, 0x00000000f5580000)
  object space 175104K, 0% used [0x00000000e0000000,0x00000000e00815c0,0x00000000eab00000)
 Metaspace       used 20453K, capacity 21169K, committed 21296K, reserved 1067008K
  class space    used 2993K, capacity 3200K, committed 3200K, reserved 1048576K
}
Event: 2.997 GC heap before
{Heap before GC invocations=5 (full 1):
 PSYoungGen      total 76288K, used 9523K [0x00000000f5580000, 0x00000000fea80000, 0x0000000100000000)
  eden space 65536K, 0% used [0x00000000f5580000,0x00000000f5580000,0x00000000f9580000)
  from space 10752K, 88% used [0x00000000fa000000,0x00000000fa94cdd8,0x00000000faa80000)
  to   space 10752K, 0% used [0x00000000f9580000,0x00000000f9580000,0x00000000fa000000)
 ParOldGen       total 175104K, used 517K [0x00000000e0000000, 0x00000000eab00000, 0x00000000f5580000)
  object space 175104K, 0% used [0x00000000e0000000,0x00000000e00815c0,0x00000000eab00000)
 Metaspace       used 20453K, capacity 21169K, committed 21296K, reserved 1067008K
  class space    used 2993K, capacity 3200K, committed 3200K, reserved 1048576K
Event: 3.027 GC heap after
Heap after GC invocations=5 (full 1):
 PSYoungGen      total 76288K, used 0K [0x00000000f5580000, 0x00000000fea80000, 0x0000000100000000)
  eden space 65536K, 0% used [0x00000000f5580000,0x00000000f5580000,0x00000000f9580000)
  from space 10752K, 0% used [0x00000000fa000000,0x00000000fa000000,0x00000000faa80000)
  to   space 10752K, 0% used [0x00000000f9580000,0x00000000f9580000,0x00000000fa000000)
 ParOldGen       total 175104K, used 9247K [0x00000000e0000000, 0x00000000eab00000, 0x00000000f5580000)
  object space 175104K, 5% used [0x00000000e0000000,0x00000000e0907e60,0x00000000eab00000)
 Metaspace       used 20453K, capacity 21169K, committed 21296K, reserved 1067008K
  class space    used 2993K, capacity 3200K, committed 3200K, reserved 1048576K
}
Event: 3.468 GC heap before
{Heap before GC invocations=6 (full 1):
 PSYoungGen      total 76288K, used 65536K [0x00000000f5580000, 0x00000000fea80000, 0x0000000100000000)
  eden space 65536K, 100% used [0x00000000f5580000,0x00000000f9580000,0x00000000f9580000)
  from space 10752K, 0% used [0x00000000fa000000,0x00000000fa000000,0x00000000faa80000)
  to   space 10752K, 0% used [0x00000000f9580000,0x00000000f9580000,0x00000000fa000000)
 ParOldGen       total 175104K, used 9247K [0x00000000e0000000, 0x00000000eab00000, 0x00000000f5580000)
  object space 175104K, 5% used [0x00000000e0000000,0x00000000e0907e60,0x00000000eab00000)
 Metaspace       used 24506K, capacity 25537K, committed 25728K, reserved 1071104K
  class space    used 3666K, capacity 3939K, committed 3968K, reserved 1048576K
Event: 3.471 GC heap after
Heap after GC invocations=6 (full 1):
 PSYoungGen      total 76288K, used 5203K [0x00000000f5580000, 0x00000000fcf80000, 0x0000000100000000)
  eden space 65536K, 0% used [0x00000000f5580000,0x00000000f5580000,0x00000000f9580000)
  from space 10752K, 48% used [0x00000000f9580000,0x00000000f9a94c38,0x00000000fa000000)
  to   space 12800K, 0% used [0x00000000fc300000,0x00000000fc300000,0x00000000fcf80000)
 ParOldGen       total 175104K, used 9255K [0x00000000e0000000, 0x00000000eab00000, 0x00000000f5580000)
  object space 175104K, 5% used [0x00000000e0000000,0x00000000e0909e60,0x00000000eab00000)
 Metaspace       used 24506K, capacity 25537K, committed 25728K, reserved 1071104K
  class space    used 3666K, capacity 3939K, committed 3968K, reserved 1048576K
}
Event: 4.156 GC heap before
{Heap before GC invocations=7 (full 1):
 PSYoungGen      total 76288K, used 70739K [0x00000000f5580000, 0x00000000fcf80000, 0x0000000100000000)
  eden space 65536K, 100% used [0x00000000f5580000,0x00000000f9580000,0x00000000f9580000)
  from space 10752K, 48% used [0x00000000f9580000,0x00000000f9a94c38,0x00000000fa000000)
  to   space 12800K, 0% used [0x00000000fc300000,0x00000000fc300000,0x00000000fcf80000)
 ParOldGen       total 175104K, used 9255K [0x00000000e0000000, 0x00000000eab00000, 0x00000000f5580000)
  object space 175104K, 5% used [0x00000000e0000000,0x00000000e0909e60,0x00000000eab00000)
 Metaspace       used 31923K, capacity 33185K, committed 33280K, reserved 1077248K
  class space    used 4538K, capacity 4828K, committed 4864K, reserved 1048576K
Event: 4.163 GC heap after
Heap after GC invocations=7 (full 1):
 PSYoungGen      total 111104K, used 9163K [0x00000000f5580000, 0x00000000fcf00000, 0x0000000100000000)
  eden space 98816K, 0% used [0x00000000f5580000,0x00000000f5580000,0x00000000fb600000)
  from space 12288K, 74% used [0x00000000fc300000,0x00000000fcbf2cb8,0x00000000fcf00000)
  to   space 12800K, 0% used [0x00000000fb600000,0x00000000fb600000,0x00000000fc280000)
 ParOldGen       total 175104K, used 9263K [0x00000000e0000000, 0x00000000eab00000, 0x00000000f5580000)
  object space 175104K, 5% used [0x00000000e0000000,0x00000000e090be60,0x00000000eab00000)
 Metaspace       used 31923K, capacity 33185K, committed 33280K, reserved 1077248K
  class space    used 4538K, capacity 4828K, committed 4864K, reserved 1048576K
}

